<?xml version="1.0" encoding="UTF-8"?>
<!-- Generated by org.testng.reporters.JUnitReportReporter -->
<testsuite skipped="0" hostname="DESKTOP-7KMSP50" name="testFile.google" tests="2" failures="0" timestamp="2019-12-31T21:29:50 IST" time="60.531" errors="0">
  <testcase name="main1" time="43.025" classname="testFile.google"/>
  <testcase name="main1" time="17.506" classname="testFile.google"/>
</testsuite> <!-- testFile.google -->
