<?xml version="1.0" encoding="UTF-8"?>
<!-- Generated by org.testng.reporters.JUnitReportReporter -->
<testsuite skipped="0" hostname="DESKTOP-7KMSP50" name="runnerFile.runnerClass" tests="3" failures="0" timestamp="2019-11-03T15:51:00 IST" time="38.229" errors="0">
  <testcase name="main" time="0.003" classname="runnerFile.runnerClass"/>
  <testcase name="first" time="0.002" classname="runnerFile.runnerClass"/>
  <testcase name="feature" time="38.224" classname="runnerFile.runnerClass"/>
</testsuite> <!-- runnerFile.runnerClass -->
