<?xml version="1.0" encoding="UTF-8"?>
<!-- Generated by org.testng.reporters.JUnitReportReporter -->
<testsuite skipped="0" hostname="DESKTOP-7KMSP50" name="testFile.example" tests="1" failures="0" timestamp="2019-11-03T16:39:20 IST" time="3.701" errors="0">
  <testcase name="main" time="3.701" classname="testFile.example"/>
</testsuite> <!-- testFile.example -->
