<?xml version="1.0" encoding="UTF-8"?>
<!-- Generated by org.testng.reporters.JUnitReportReporter -->
<testsuite skipped="0" hostname="DESKTOP-7KMSP50" name="testFile.yahoo" tests="1" failures="0" timestamp="2019-12-28T10:32:19 IST" time="29.409" errors="0">
  <testcase name="main" time="29.409" classname="testFile.yahoo"/>
</testsuite> <!-- testFile.yahoo -->
