<?xml version="1.0" encoding="UTF-8"?>
<!-- Generated by org.testng.reporters.JUnitReportReporter -->
<testsuite skipped="0" hostname="DESKTOP-7KMSP50" name="testFile.google" tests="2" failures="0" timestamp="2020-01-01T17:29:54 IST" time="85.481" errors="0">
  <testcase name="main1" time="41.541" classname="testFile.google"/>
  <testcase name="main1" time="43.940" classname="testFile.google"/>
</testsuite> <!-- testFile.google -->
