<?xml version="1.0" encoding="UTF-8"?>
<!-- Generated by org.testng.reporters.JUnitReportReporter -->
<testsuite skipped="0" hostname="DESKTOP-7KMSP50" name="runnerFile.runnerClass" tests="3" failures="0" timestamp="2019-11-03T16:24:15 IST" time="11.057" errors="0">
  <testcase name="main" time="0.001" classname="runnerFile.runnerClass"/>
  <testcase name="feature" time="11.055" classname="runnerFile.runnerClass"/>
  <testcase name="first" time="0.001" classname="runnerFile.runnerClass"/>
</testsuite> <!-- runnerFile.runnerClass -->
