<?xml version="1.0" encoding="UTF-8"?>
<!-- Generated by org.testng.reporters.JUnitReportReporter -->
<testsuite skipped="0" hostname="DESKTOP-7KMSP50" name="testFile.google" tests="1" failures="0" timestamp="2020-04-03T21:23:51 IST" time="30.610" errors="0">
  <testcase name="main1" time="30.610" classname="testFile.google"/>
</testsuite> <!-- testFile.google -->
